<?xml version="1.0" encoding="UTF-8"?>
<testng-results ignored="0" total="1" passed="1" failed="0" skipped="0">
  <reporter-output>
  </reporter-output>
  <suite started-at="2023-05-08T14:52:04 IST" name="Default suite" finished-at="2023-05-08T14:52:44 IST" duration-ms="39588">
    <groups>
    </groups>
    <test started-at="2023-05-08T14:52:04 IST" name="Default test" finished-at="2023-05-08T14:52:44 IST" duration-ms="39588">
      <class name="TestScenarios.TestPage">
        <test-method is-config="true" signature="setup()[pri:0, instance:TestScenarios.TestPage@5e82df6a]" started-at="2023-05-08T14:52:04 IST" name="setup" finished-at="2023-05-08T14:52:15 IST" duration-ms="10680" status="PASS">
          <reporter-output>
          </reporter-output>
        </test-method> <!-- setup -->
        <test-method signature="flightBooking()[pri:0, instance:TestScenarios.TestPage@5e82df6a]" started-at="2023-05-08T14:52:15 IST" name="flightBooking" finished-at="2023-05-08T14:52:43 IST" duration-ms="28600" status="PASS">
          <reporter-output>
          </reporter-output>
        </test-method> <!-- flightBooking -->
        <test-method is-config="true" signature="tearDown()[pri:0, instance:TestScenarios.TestPage@5e82df6a]" started-at="2023-05-08T14:52:43 IST" name="tearDown" finished-at="2023-05-08T14:52:44 IST" duration-ms="234" status="PASS">
          <reporter-output>
          </reporter-output>
        </test-method> <!-- tearDown -->
      </class> <!-- TestScenarios.TestPage -->
    </test> <!-- Default test -->
  </suite> <!-- Default suite -->
</testng-results>
